<?xml version="1.0" encoding="UTF-8"?>
<testsuite xmlns:xsi="http://www.w3.org/2001/XMLSchema-instance" xsi:noNamespaceSchemaLocation="https://maven.apache.org/surefire/maven-surefire-plugin/xsd/surefire-test-report.xsd" name="com.example.testetecnico.rest.ParadaMaquinaTest" time="14.906" tests="3" errors="0" skipped="0" failures="0">
  <properties>
[...]
</properties>
  <testcase name="getParadaMaquina" classname="com.example.testetecnico.rest.ParadaMaquinaTest" time="0.719"/>
  <testcase name="criarComSucesso" classname="com.example.testetecnico.rest.ParadaMaquinaTest" time="0.343"/>
  <testcase name="deletar" classname="com.example.testetecnico.rest.ParadaMaquinaTest" time="0.547"/>
</testsuite>